#
# There is insufficient memory for the Java Runtime Environment to continue.
# Native memory allocation (mmap) failed to map 4194304 bytes for Failed to commit area from 0x000001e471da0000 to 0x000001e4721a0000 of length 4194304.
# Possible reasons:
#   The system is out of physical RAM or swap space
#   The process is running with CompressedOops enabled, and the Java Heap may be blocking the growth of the native heap
# Possible solutions:
#   Reduce memory load on the system
#   Increase physical memory or swap space
#   Check if swap backing store is full
#   Decrease Java heap size (-Xmx/-Xms)
#   Decrease number of Java threads
#   Decrease Java thread stack sizes (-Xss)
#   Set larger code cache with -XX:ReservedCodeCacheSize=
# This output file may be truncated or incomplete.
#
#  Out of Memory Error (t:/workspace/open/src/hotspot/os/windows/os_windows.cpp:3264), pid=11732, tid=12972
#
# JRE version:  (12.0.2+10) (build )
# Java VM: Java HotSpot(TM) 64-Bit Server VM (12.0.2+10, mixed mode, aot, sharing, tiered, compressed oops, g1 gc, windows-amd64)
# No core dump will be written. Minidumps are not enabled by default on client versions of Windows
#

---------------  S U M M A R Y ------------

Command Line: -javaagent:G:\idea\intelij\IntelliJ IDEA Community Edition 2022.1.2\lib\idea_rt.jar=57278:G:\idea\intelij\IntelliJ IDEA Community Edition 2022.1.2\bin -Dfile.encoding=UTF-8 com.ContinueAnywhere.ApplicationKt

Host: AMD FX(tm)-4300 Quad-Core Processor            , 4 cores, 15G,  Windows 10 , 64 bit Build 17763 (10.0.17763.379)
Time: Tue Oct  4 16:42:25 2022 RTZ 6 (ceia) elapsed time: 0 seconds (0d 0h 0m 0s)

---------------  T H R E A D  ---------------

Current thread (0x000001e4591a9000):  JavaThread "Unknown thread" [_thread_in_vm, id=12972, stack(0x0000007475800000,0x0000007475900000)]

Stack: [0x0000007475800000,0x0000007475900000]
Native frames: (J=compiled Java code, j=interpreted, Vv=VM code, C=native code)
V  [jvm.dll+0x63aa2a]
V  [jvm.dll+0x78ce1e]
V  [jvm.dll+0x78e4c1]
V  [jvm.dll+0x78eb13]
V  [jvm.dll+0x2627e8]
V  [jvm.dll+0x637f5a]
V  [jvm.dll+0x62c845]
V  [jvm.dll+0x31e49c]
V  [jvm.dll+0x31e2cf]
V  [jvm.dll+0x324006]
V  [jvm.dll+0x371f69]
V  [jvm.dll+0x371720]
V  [jvm.dll+0x2f845a]
V  [jvm.dll+0x2f96d2]
V  [jvm.dll+0x767267]
V  [jvm.dll+0x7689f5]
V  [jvm.dll+0x380059]
V  [jvm.dll+0x74b794]
V  [jvm.dll+0x3ef5cd]
V  [jvm.dll+0x3f1471]
C  [jli.dll+0x51cf]
C  [ucrtbase.dll+0x21ffa]
C  [KERNEL32.DLL+0x181f4]
C  [ntdll.dll+0x6a251]


---------------  P R O C E S S  ---------------

Threads class SMR info:
_java_thread_list=0x00007ffa01087928, length=0, elements={
}

Java Threads: ( => current thread )

Other Threads:
  0x000001e45920e000 GCTaskThread "GC Thread#0" [stack: 0x0000007475900000,0x0000007475a00000] [id=10360]
  0x000001e459227800 ConcurrentGCThread "G1 Main Marker" [stack: 0x0000007475a00000,0x0000007475b00000] [id=10024]
  0x000001e45922b000 ConcurrentGCThread "G1 Conc#0" [stack: 0x0000007475b00000,0x0000007475c00000] [id=1044]

[error occurred during error reporting (printing all threads), id 0xc0000005, EXCEPTION_ACCESS_VIOLATION (0xc0000005) at pc=0x00007ffa008b85e7]

VM state:not at safepoint (not fully initialized)

VM Mutex/Monitor currently owned by a thread:  ([mutex/lock_event])
[0x000001e4591a4bd0] Heap_lock - owner thread: 0x000001e4591a9000

Heap address: 0x0000000700800000, size: 4088 MB, Compressed Oops mode: Non-zero based: 0x0000000700800000
Narrow klass base: 0x0000000000000000, Narrow klass shift: 0

GC Heap History (0 events):
No events

Deoptimization events (0 events):
No events

Classes redefined (0 events):
No events

Internal exceptions (0 events):
No events

Events (0 events):
No events


Dynamic libraries:
0x00007ff758590000 - 0x00007ff75859f000 	C:\Program Files\Java\jdk-12.0.2\bin\java.exe
0x00007ffa53b90000 - 0x00007ffa53d7d000 	C:\Windows\SYSTEM32\ntdll.dll
0x00007ffa517a0000 - 0x00007ffa51853000 	C:\Windows\System32\KERNEL32.DLL
0x00007ffa50510000 - 0x00007ffa507a3000 	C:\Windows\System32\KERNELBASE.dll
0x00007ffa507b0000 - 0x00007ffa508aa000 	C:\Windows\System32\ucrtbase.dll
0x00007ffa3f3c0000 - 0x00007ffa3f3d6000 	C:\Program Files\Java\jdk-12.0.2\bin\VCRUNTIME140.dll
0x00007ffa3f890000 - 0x00007ffa3f8a8000 	C:\Program Files\Java\jdk-12.0.2\bin\jli.dll
0x00007ffa51370000 - 0x00007ffa51413000 	C:\Windows\System32\ADVAPI32.dll
0x00007ffa51b00000 - 0x00007ffa51b9e000 	C:\Windows\System32\msvcrt.dll
0x00007ffa51700000 - 0x00007ffa5179e000 	C:\Windows\System32\sechost.dll
0x00007ffa51860000 - 0x00007ffa51982000 	C:\Windows\System32\RPCRT4.dll
0x00007ffa53990000 - 0x00007ffa53b27000 	C:\Windows\System32\USER32.dll
0x00007ffa3f500000 - 0x00007ffa3f779000 	C:\Windows\WinSxS\amd64_microsoft.windows.common-controls_6595b64144ccf1df_6.0.17763.379_none_05b83be8071c94a1\COMCTL32.dll
0x00007ffa504f0000 - 0x00007ffa50510000 	C:\Windows\System32\win32u.dll
0x00007ffa53320000 - 0x00007ffa5364d000 	C:\Windows\System32\combase.dll
0x00007ffa50d70000 - 0x00007ffa50dee000 	C:\Windows\System32\bcryptPrimitives.dll
0x000001e457140000 - 0x000001e457169000 	C:\Windows\System32\GDI32.dll
0x00007ffa50b70000 - 0x00007ffa50d0a000 	C:\Windows\System32\gdi32full.dll
0x00007ffa4fce0000 - 0x00007ffa4fd80000 	C:\Windows\System32\msvcp_win.dll
0x00007ffa47c70000 - 0x00007ffa47c7a000 	C:\Windows\SYSTEM32\VERSION.dll
0x00007ffa50df0000 - 0x00007ffa50e1e000 	C:\Windows\System32\IMM32.DLL
0x00007ffa2a420000 - 0x00007ffa2a4ca000 	C:\Program Files\Java\jdk-12.0.2\bin\msvcp140.dll
0x00007ffa005b0000 - 0x00007ffa01127000 	C:\Program Files\Java\jdk-12.0.2\bin\server\jvm.dll
0x00007ffa51c00000 - 0x00007ffa51c08000 	C:\Windows\System32\PSAPI.DLL
0x00007ffa4d650000 - 0x00007ffa4d674000 	C:\Windows\SYSTEM32\WINMM.dll
0x00007ffa3dcb0000 - 0x00007ffa3dcb9000 	C:\Windows\SYSTEM32\WSOCK32.dll
0x00007ffa51300000 - 0x00007ffa5136d000 	C:\Windows\System32\ws2_32.DLL
0x00007ffa4d060000 - 0x00007ffa4d08d000 	C:\Windows\SYSTEM32\WINMMBASE.dll
0x00007ffa4fc90000 - 0x00007ffa4fcda000 	C:\Windows\System32\cfgmgr32.dll
0x00007ffa4fbc0000 - 0x00007ffa4fbd1000 	C:\Windows\System32\kernel.appcore.dll
0x00007ffa3e900000 - 0x00007ffa3e911000 	C:\Program Files\Java\jdk-12.0.2\bin\verify.dll
0x00007ffa4acc0000 - 0x00007ffa4aead000 	C:\Windows\SYSTEM32\DBGHELP.DLL
0x00007ffa46bc0000 - 0x00007ffa46bea000 	C:\Windows\SYSTEM32\dbgcore.DLL
0x00007ffa3afe0000 - 0x00007ffa3b006000 	C:\Program Files\Java\jdk-12.0.2\bin\java.dll
0x00007ffa49830000 - 0x00007ffa4983e000 	C:\Program Files\Java\jdk-12.0.2\bin\instrument.dll
0x00007ffa3c720000 - 0x00007ffa3c737000 	C:\Program Files\Java\jdk-12.0.2\bin\zip.dll
0x00007ffa47d80000 - 0x00007ffa47d8a000 	C:\Program Files\Java\jdk-12.0.2\bin\jimage.dll

dbghelp: loaded successfully - version: 4.0.5 - missing functions: none
symbol engine: initialized successfully - sym options: 0x614 - pdb path: .;C:\Program Files\Java\jdk-12.0.2\bin;C:\Windows\SYSTEM32;C:\Windows\WinSxS\amd64_microsoft.windows.common-controls_6595b64144ccf1df_6.0.17763.379_none_05b83be8071c94a1;C:\Program Files\Java\jdk-12.0.2\bin\server

VM Arguments:
jvm_args: -javaagent:G:\idea\intelij\IntelliJ IDEA Community Edition 2022.1.2\lib\idea_rt.jar=57278:G:\idea\intelij\IntelliJ IDEA Community Edition 2022.1.2\bin -Dfile.encoding=UTF-8 
java_command: com.ContinueAnywhere.ApplicationKt
java_class_path (initial): G:\Work\PetProjects\ContinueAnywhere\out\production\classes;G:\Work\PetProjects\ContinueAnywhere\out\production\resources;G:\gradle\caches\modules-2\files-2.1\io.ktor\ktor-server-auth-jwt-jvm\2.1.2\f9aff3232b0e90683be3c3acbbd8761b7a184e53\ktor-server-auth-jwt-jvm-2.1.2.jar;G:\gradle\caches\modules-2\files-2.1\io.ktor\ktor-server-auth-jvm\2.1.2\1bdf21f9a2ac7b64bd6afbef426d2f819cce80cc\ktor-server-auth-jvm-2.1.2.jar;G:\gradle\caches\modules-2\files-2.1\io.ktor\ktor-server-netty-jvm\2.1.2\12f30ae7a7cdfa30467f0c24698011d70654604c\ktor-server-netty-jvm-2.1.2.jar;G:\gradle\caches\modules-2\files-2.1\io.ktor\ktor-server-core-jvm\2.1.2\318fb07dc5c838be7c5d1b6971bda890bf1ed906\ktor-server-core-jvm-2.1.2.jar;G:\gradle\caches\modules-2\files-2.1\org.jetbrains.exposed\exposed-dao\0.37.3\92e17ebee9b72e8bcb4c7580b507c6912ce7df11\exposed-dao-0.37.3.jar;G:\gradle\caches\modules-2\files-2.1\org.jetbrains.exposed\exposed-jdbc\0.37.3\cecf1f47ce48560fd6cb4030fea3555f73fa0f93\exposed-jdbc-0.37.3.jar;G:\gradle\caches\modules-2\files-2.1\org.jetbrains.kotlin\kotlin-stdlib-jdk8\1.7.20\eac6656981d9d7156e838467d2d8d79093b1570\kotlin-stdlib-jdk8-1.7.20.jar;G:\gradle\caches\modules-2\files-2.1\ch.qos.logback\logback-classic\1.2.11\4741689214e9d1e8408b206506cbe76d1c6a7d60\logback-classic-1.2.11.jar;G:\gradle\caches\modules-2\files-2.1\org.jetbrains.exposed\exposed-core\0.37.3\dba4c472bdfa97fa15998231c96e55c8a96f06a5\exposed-core-0.37.3.jar;G:\gradle\caches\modules-2\files-2.1\org.xerial\sqlite-jdbc\3.30.1\456f2e23fd0e6a615db6e738b01b9d69456d738c\sqlite-jdbc-3.30.1.jar;G:\gradle\caches\modules-2\files-2.1\org.postgresql\postgresql\42.2.2\7ebd60d15eec1f9e796d68212121d92e3dd566b2\postgresql-42.2.2.jar;G:\gradle\caches\modules-2\files-2.1\com.zaxxer\HikariCP\5.0.1\a74c7f0a37046846e88d54f7cb6ea6d565c65f9c\HikariCP-5.0.1.jar;G:\gradle\caches\modules-2\files-2.1\org.jetbrains.kotlin\kotlin-stdlib-jdk7\1.7.20\2a729aa8763306368e665e2b747abd1dfd29b9d5\kotlin-stdlib-jdk7-1.7.2
Launcher Type: SUN_STANDARD

[Global flags]
     intx CICompilerCount                          = 3                                         {product} {ergonomic}
     uint ConcGCThreads                            = 1                                         {product} {ergonomic}
     uint G1ConcRefinementThreads                  = 4                                         {product} {ergonomic}
   size_t G1HeapRegionSize                         = 1048576                                   {product} {ergonomic}
    uintx GCDrainStackTargetSize                   = 64                                        {product} {ergonomic}
   size_t InitialHeapSize                          = 268435456                                 {product} {ergonomic}
   size_t MarkStackSize                            = 4194304                                   {product} {ergonomic}
   size_t MaxHeapSize                              = 4286578688                                {product} {ergonomic}
   size_t MinHeapDeltaBytes                        = 1048576                                   {product} {ergonomic}
    uintx NonNMethodCodeHeapSize                   = 5830732                                {pd product} {ergonomic}
    uintx NonProfiledCodeHeapSize                  = 122913754                              {pd product} {ergonomic}
    uintx ProfiledCodeHeapSize                     = 122913754                              {pd product} {ergonomic}
    uintx ReservedCodeCacheSize                    = 251658240                              {pd product} {ergonomic}
     bool SegmentedCodeCache                       = true                                      {product} {ergonomic}
     bool UseCompressedClassPointers               = true                                 {lp64_product} {ergonomic}
     bool UseCompressedOops                        = true                                 {lp64_product} {ergonomic}
     bool UseG1GC                                  = true                                      {product} {ergonomic}
     bool UseLargePagesIndividualAllocation        = false                                  {pd product} {ergonomic}

Logging:
Log output configuration:
 #0: stdout all=warning uptime,level,tags
 #1: stderr all=off uptime,level,tags

Environment Variables:
JAVA_HOME=C:\Program Files\Java\jdk-13.0.2
PATH=C:\Program Files (x86)\Common Files\Oracle\Java\javapath;C:\Program Files (x86)\AMD APP\bin\x86_64;C:\Program Files (x86)\AMD APP\bin\x86;C:\Windows\system32;C:\Windows;C:\Windows\System32\Wbem;C:\Windows\System32\WindowsPowerShell\v1.0\;C:\Program Files (x86)\ATI Technologies\ATI.ACE\Core-Static;C:\Program Files (x86)\Common Files\Acronis\SnapAPI\;C:\Program Files\Git\cmd;C:\Program Files (x86)\Brackets\command;C:\Program Files\dotnet\;C:\Program Files\Microsoft SQL Server\130\Tools\Binn\;C:\Program Files\Microsoft SQL Server\Client SDK\ODBC\170\Tools\Binn\;C:\Program Files\MATLAB\R2014a\runtime\win64;C:\Program Files\MATLAB\R2014a\bin;C:\Program Files\MATLAB\R2014a\polyspace\bin;C:\Program Files\Microsoft SQL Server\120\Tools\Binn\;C:\Program Files\Common Files\Autodesk Shared\;G:\Program Files\PuTTY\;C:\Users\ёрий\AppData\Local\Microsoft\WindowsApps;C:\Users\ёрий\.dotnet\tools;C:\Users\ёрий\AppData\Local\GitHubDesktop\bin;G:\Microsoft VS Code\bin;G:\idea\intelij\IntelliJ IDEA Community Edition 2022.1.2\bin;
USERNAME=ёрий
OS=Windows_NT
PROCESSOR_IDENTIFIER=AMD64 Family 21 Model 2 Stepping 0, AuthenticAMD



---------------  S Y S T E M  ---------------

OS: Windows 10 , 64 bit Build 17763 (10.0.17763.379)

CPU:total 4 (initial active 4) (4 cores per cpu, 1 threads per core) family 21 model 2 stepping 0, cmov, cx8, fxsr, mmx, sse, sse2, sse3, ssse3, sse4.1, sse4.2, popcnt, avx, aes, clmul, mmxext, 3dnowpref, lzcnt, sse4a, tsc, tscinvbit, tscinv, bmi1, fma

Memory: 4k page, system-wide physical 16348M (1427M free)
TotalPageFile size 18412M (AvailPageFile size 5M)
current process WorkingSet (physical memory assigned to process): 10M, peak: 10M
current process commit charge ("private bytes"): 309M, peak: 313M

vm_info: Java HotSpot(TM) 64-Bit Server VM (12.0.2+10) for windows-amd64 JRE (12.0.2+10), built on Jul 16 2019 01:56:17 by "mach5one" with MS VC++ 15.5 (VS2017)

END.
